<?xml version="1.0" encoding="UTF-8"?>
<!-- Generated by org.testng.reporters.JUnitReportReporter -->
<testsuite hostname="DESKTOP-9LQNCQS" failures="0" tests="1" name="Module1.DepositeTest" time="26.040" errors="0" timestamp="2023-11-22T08:37:58 IST" skipped="0">
  <testcase classname="Module1.DepositeTest" name="DepositeAmount" time="26.040"/>
  <system-out/>
</testsuite> <!-- Module1.DepositeTest -->
