<?xml version="1.0" encoding="UTF-8"?>
<!-- Generated by org.testng.reporters.JUnitReportReporter -->
<testsuite hostname="DESKTOP-9LQNCQS" failures="0" tests="1" name="Module1.CustomerLoginTest" time="10.454" errors="0" timestamp="2023-11-08T09:24:34 IST" skipped="0">
  <testcase classname="Module1.CustomerLoginTest" name="loginUser" time="10.454"/>
  <system-out/>
</testsuite> <!-- Module1.CustomerLoginTest -->
