<?xml version="1.0" encoding="UTF-8"?>
<!-- Generated by org.testng.reporters.JUnitReportReporter -->
<testsuite hostname="DESKTOP-9LQNCQS" failures="0" tests="3" name="Module1.DepositeTest2" time="124.229" errors="0" timestamp="2023-11-27T09:34:45 IST" skipped="0">
  <testcase classname="Module1.DepositeTest2" name="DepositeAmount" time="41.248"/>
  <system-out/>
  <testcase classname="Module1.DepositeTest2" name="DepositeAmount" time="41.336"/>
  <system-out/>
  <testcase classname="Module1.DepositeTest2" name="DepositeAmount" time="41.645"/>
  <system-out/>
</testsuite> <!-- Module1.DepositeTest2 -->
