<?xml version="1.0" encoding="UTF-8"?>
<!-- Generated by org.testng.reporters.JUnitReportReporter -->
<testsuite hostname="DESKTOP-9LQNCQS" failures="0" tests="4" name="Module1.Demo" time="0.144" errors="0" timestamp="2023-11-08T08:35:58 IST" skipped="0">
  <testcase classname="Module1.Demo" name="Buy2" time="0.006"/>
  <system-out>
    <![CDATA[Hello2]]>
  </system-out>
  <testcase classname="Module1.Demo" name="Buy" time="0.032"/>
  <system-out>
    <![CDATA[Hello1]]>
  </system-out>
  <testcase classname="Module1.Demo" name="Buy3" time="0.028"/>
  <system-out>
    <![CDATA[Hello3]]>
  </system-out>
  <testcase classname="Module1.Demo" name="Buy4" time="0.078"/>
  <system-out>
    <![CDATA[Hello4]]>
  </system-out>
</testsuite> <!-- Module1.Demo -->
